<?xml version="1.0" encoding="UTF-8"?>
<testsuite name="MinesweeperTest" tests="1" skipped="0" failures="0" errors="0" timestamp="2021-09-01T21:18:19" hostname="DESKTOP-QHOQ9DU" time="0.527">
  <properties/>
  <testcase name="start" classname="MinesweeperTest" time="0.527"/>
  <system-out><![CDATA[?[1;31m
Start test 1?[0m
How many mines do you want? > 1
.........
.........
.........
.........
.........
.........
.X.......
.........
.........
?[1;31m
Start test 2?[0m
How many mines do you want? > 1
.........
.........
.........
.........
.........
......X..
.........
.........
.........
?[1;31m
Start test 3?[0m
How many mines do you want? > 2
.........
.........
.........
.........
.........
...X.....
.....X...
.........
.........
?[1;31m
Start test 4?[0m
How many mines do you want? > 2
.........
.........
.........
.........
X........
.....X...
.........
.........
.........
?[1;31m
Start test 5?[0m
How many mines do you want? > 3
...X.....
.........
.........
.........
.........
.XX......
.........
.........
.........
?[1;31m
Start test 6?[0m
How many mines do you want? > 3
.X.X.....
.........
.........
.........
....X....
.........
.........
.........
.........
?[1;31m
Start test 7?[0m
How many mines do you want? > 4
.........
......X..
.........
X........
......X..
....X....
.........
.........
.........
?[1;31m
Start test 8?[0m
How many mines do you want? > 4
.........
.........
.........
.........
X..XX....
.........
.........
....X....
.........
?[1;31m
Start test 9?[0m
How many mines do you want? > 5
.........
.........
.X.......
.......X.
..X......
.........
.........
..X.X....
.........
?[1;31m
Start test 10?[0m
How many mines do you want? > 5
...X.....
.........
.........
..X......
.........
..X....X.
X........
.........
.........
?[1;31m
Start test 11?[0m
How many mines do you want? > 6
.........
..X......
...XX....
....X....
....X....
.........
.....X...
.........
.........
?[1;31m
Start test 12?[0m
How many mines do you want? > 6
.........
...X.....
....X....
.......X.
....XX...
.........
X........
.........
.........
?[1;31m
Start test 13?[0m
How many mines do you want? > 7
.....X.X.
.........
.....X...
......X..
.........
X...X....
.........
......X..
.........
?[1;31m
Start test 14?[0m
How many mines do you want? > 7
.....X...
.......X.
.X.X.....
....X....
.....X...
X........
.........
.........
.........
?[1;31m
Start test 15?[0m
How many mines do you want? > 8
.........
.........
...X.....
.X....X..
......X..
......X..
.X.......
....X..X.
.........
?[1;31m
Start test 16?[0m
How many mines do you want? > 8
.....X...
.........
X........
.........
....X....
..X....X.
X..X.....
.X.......
.........
?[1;31m
Start test 17?[0m
How many mines do you want? > 9
.X.X.....
.....X...
.........
.........
.......X.
.........
X..XX....
X.....X..
.........
?[1;31m
Start test 18?[0m
How many mines do you want? > 9
X........
..X......
X........
XX....X..
.......X.
....X....
....X....
.........
.........
?[1;31m
Start test 19?[0m
How many mines do you want? > 10
.XX...X..
...X.X...
.........
.........
.........
X.X......
X...X....
X........
.........
?[1;31m
Start test 20?[0m
How many mines do you want? > 10
.........
......XX.
.........
....X....
..X..X...
.XX..X...
X........
....X....
.........
?[1;31m
Start test 21?[0m
How many mines do you want? > 11
....X.X..
...X.....
.XX......
.X...X...
..X......
....X....
.....X...
.....X...
.........
?[1;31m
Start test 22?[0m
How many mines do you want? > 11
......X..
....X....
.X....X..
......XX.
X...X....
.........
X....X...
......X..
.........
?[1;31m
Start test 23?[0m
How many mines do you want? > 12
X........
...X.....
....XX.X.
.....X...
.X.......
X..X.....
.........
.XX.X....
.........
?[1;31m
Start test 24?[0m
How many mines do you want? > 12
...XX....
.........
.....XX..
...X.....
......X..
......X..
..XX...X.
.X....X..
.........
?[1;31m
Start test 25?[0m
How many mines do you want? > 13
.........
.X.X.....
.........
X.....XX.
..XX.....
......XX.
..X......
..XX.X...
.........
?[1;31m
Start test 26?[0m
How many mines do you want? > 13
....X....
XX.......
.X.......
..X.XXX..
...X...X.
..X......
X...X....
.........
.........
?[1;31m
Start test 27?[0m
How many mines do you want? > 14
...XX....
.........
...X...X.
...XX....
...X.....
XX.X..X..
.........
..X..X.X.
.........
?[1;31m
Start test 28?[0m
How many mines do you want? > 14
.X.......
.X.......
..XX.....
..XXX....
.........
..X....X.
.......X.
...XXXX..
.........
?[1;31m
Start test 29?[0m
How many mines do you want? > 15
.........
X.X......
...XX....
..X...X..
...X...X.
XXX.X..X.
.........
..X...X..
.........
?[1;31m
Start test 30?[0m
How many mines do you want? > 15
XX...X.X.
.........
.....X...
....X.X..
....XX...
...X.....
...X.....
XX.XX....
.........
?[1;31m
Start test 31?[0m
How many mines do you want? > 16
...X..X..
....X....
X.X..X.X.
.........
.X.....X.
X...X.XX.
.......X.
...X...X.
.........
?[1;31m
Start test 32?[0m
How many mines do you want? > 16
.X....X..
X...X.X..
X....X.X.
..X....X.
X......X.
...XX....
..X......
..X......
.........
?[1;31m
Start test 33?[0m
How many mines do you want? > 17
.X..X....
..X......
....X.X..
X....XX..
X.X.XX...
X...X....
X.X......
.....X...
.........
?[1;31m
Start test 34?[0m
How many mines do you want? > 17
.....X...
...X.X...
X........
XXX......
...XX.X..
.XX...X..
.XX......
.X...X...
.........
?[1;31m
Start test 35?[0m
How many mines do you want? > 18
XX...X...
.XX......
.XX.X..X.
......X..
.....X...
.X.......
..X..XX..
X.X.X....
.........
?[1;31m
Start test 36?[0m
How many mines do you want? > 18
.X...X.X.
.......X.
XX.......
.X.......
....XX...
...XX.X..
.........
XX.XX.XX.
.........
?[1;31m
Start test 37?[0m
How many mines do you want? > 19
XX.X..XX.
..X..XX..
....X....
XX.....X.
......XX.
.........
XXXX.....
.X.......
.........
?[1;31m
Start test 38?[0m
How many mines do you want? > 19
.....X...
.X.......
XXX...XX.
..XX..X..
.X.......
XXXX.X.X.
..X......
..X......
.........
?[1;31m
Start test 39?[0m
How many mines do you want? > 20
.....X...
X.X......
....X....
X..XX....
.X.X.XX..
X...X.X..
..XXX....
X..XX....
.........
?[1;31m
Start test 40?[0m
How many mines do you want? > 20
.XXXX....
....XX...
.....XX..
X.X......
....X....
..XX.XX..
...XXX.X.
..X......
.........
?[1;31m
Start test 41?[0m
How many mines do you want? > 21
..XX.....
..XXXX...
.....X...
.........
.....X...
..XXX..X.
X.XX...X.
.XXXX..X.
.........
?[1;31m
Start test 42?[0m
How many mines do you want? > 21
..XX.....
.X..XXX..
...X...X.
......X..
.X.X...X.
...X..XX.
XX.......
X.XX...X.
.........
?[1;31m
Start test 43?[0m
How many mines do you want? > 22
...X.....
.X.X.....
X..X..XX.
X..X.X.X.
.X...X...
X.X.X.XX.
.X.....X.
..XX.....
.........
?[1;31m
Start test 44?[0m
How many mines do you want? > 22
.X...X.X.
....X....
..X..XX..
....X..X.
X.....X..
XXX....X.
X.X...X..
X...X.XX.
.........
?[1;31m
Start test 45?[0m
How many mines do you want? > 23
.X.....X.
.X.......
...XXX.X.
.XX..X.X.
.X.......
..XX.XX..
.X...X...
X..X.XXX.
.........
?[1;31m
Start test 46?[0m
How many mines do you want? > 23
.XX...XX.
.......X.
X..X.XXX.
..X.XXX..
......X..
....XX.X.
..X..XX..
.X....X..
.........
?[1;31m
Start test 47?[0m
How many mines do you want? > 24
.X.X...X.
X.....X..
.XX..X...
XX.XX..X.
.XX...X..
.X.X...X.
..XXX....
..X....X.
.........
?[1;31m
Start test 48?[0m
How many mines do you want? > 24
.XX.XXX..
....X.X..
.X..X.X..
X.X..X.X.
XX....X..
...XX..X.
.XXX.....
......X..
.........
?[1;31m
Start test 49?[0m
How many mines do you want? > 25
X.XXX.XX.
......XX.
X...X..X.
..X..XXX.
.....X.X.
..X.X.XX.
.....X...
XX.X.....
.........
?[1;31m
Start test 50?[0m
How many mines do you want? > 25
X..XXXXX.
X.XXXX...
..X......
.X.....X.
..X.XX.X.
..XX.....
.....X.X.
..X..XX..
.........
?[1;31m
Start test 51?[0m
How many mines do you want? > 26
XX...X.X.
.XXX..X..
.........
X.X.XXXX.
.X.....X.
..X..XXX.
XX....XX.
...X..X..
.........
?[1;31m
Start test 52?[0m
How many mines do you want? > 26
..XX..XX.
....X.X..
..XXXXX..
.XX..X...
.X...X...
.XX.XX...
...X..XX.
.XX...X..
.........
?[1;31m
Start test 53?[0m
How many mines do you want? > 27
.X..XXXX.
....XXXX.
.X.X.X...
X..X..X..
.X.X..X..
..XX..X..
.X..X..X.
.....XXX.
.........
?[1;31m
Start test 54?[0m
How many mines do you want? > 27
.X.XXX.X.
....XXX..
XXXX...X.
..X.X.XX.
.XXX.X.X.
...XX.X..
.........
X.X......
.........
?[1;31m
Start test 55?[0m
How many mines do you want? > 28
X.X..XX..
.XX..XX..
.....XX..
..X.XX.X.
..X.X..X.
...XX....
XX.XXX...
.X.X.X.X.
.........
?[1;31m
Start test 56?[0m
How many mines do you want? > 28
....X.XX.
.X.XXX...
...X..X..
.X..XX.X.
.XXXXXXX.
...X.X...
X.XXX.X..
X........
.........
?[1;31m
Start test 57?[0m
How many mines do you want? > 29
....XXX..
X.XXXX.X.
XX.X..XX.
...XXXX..
.XX.X.X..
..X....X.
...X.X.X.
X.X......
.........
?[1;31m
Start test 58?[0m
How many mines do you want? > 29
XXXXXXX..
...XX.X..
XX...XX..
XX.X..XX.
.X..X.X..
...X.....
X.X..XX..
X.X......
.........
?[1;31m
Start test 59?[0m
How many mines do you want? > 30
..XXX.X..
XX.XXXX..
......XX.
..X..X.X.
X.....XX.
X.X..X...
XXX...X..
..X.XXXX.
.........
?[1;31m
Start test 60?[0m
How many mines do you want? > 30
......XX.
....XXXX.
X....X.X.
X.XXX..X.
XX.XX..X.
.XX.XXX..
....XX...
XXXX.....
.........
?[1;31m
Start test 61?[0m
How many mines do you want? > 31
..XXXXX..
X...X....
XXXXX.X..
X.X....X.
.X..X.XX.
...X..X..
....X.XX.
XX.XXX.X.
.........
?[1;31m
Start test 62?[0m
How many mines do you want? > 31
..XXX.X..
X.X.X....
.X..XXXX.
X...X....
XX....XX.
XXX..XX..
.X.....X.
.XXX.XXX.
.........
?[1;31m
Start test 63?[0m
How many mines do you want? > 32
X.XX.XX..
X..XX.XX.
X........
X..XX.X..
.X.X...X.
X..XX.XX.
X....XXX.
.XXX..XX.
.........
?[1;31m
Start test 64?[0m
How many mines do you want? > 32
XXXX..XX.
XX.X.....
.XX.XXX..
XXXX.X...
....XX...
XX...XXX.
X...XXX..
..X.X....
.........
?[1;31m
Start test 65?[0m
How many mines do you want? > 33
.X...XX..
X....X...
X.XXXX...
XXX...XX.
XXX..XXX.
.XX..X...
XXX.XX...
X.X.XX...
.........
?[1;31m
Start test 66?[0m
How many mines do you want? > 33
..XXX..X.
XXX...X..
..XXXXX..
.XXXXX...
...X..XX.
XX.XX..X.
.XX.XX...
..X.XX...
.........
?[1;31m
Start test 67?[0m
How many mines do you want? > 34
X..X..XX.
...X.....
XXX.XXXX.
.XXXX.XX.
..X...X..
.X.X.X.X.
.XXXXXXX.
.X.XX....
.........
?[1;31m
Start test 68?[0m
How many mines do you want? > 34
X..XX.X..
XXX..X.X.
.X.XX.X..
XXX..X...
.XX.XXXX.
....X.XX.
X.X.XXX..
..XX...X.
.........
?[1;31m
Start test 69?[0m
How many mines do you want? > 35
XXX.XXXX.
XX..X....
...X.X...
XXXXX.X..
XX.XXXX..
X..XX..X.
.X.XX.XX.
X..X.....
.........
?[1;31m
Start test 70?[0m
How many mines do you want? > 35
.XX....X.
X.XX...X.
X..XXXX..
..XXX....
....XXXX.
X.X.X.XX.
.XXXXX...
XX.X.XXX.
.........
?[1;31m
Start test 71?[0m
How many mines do you want? > 36
XXXXXX.X.
XX..X..X.
X....X.X.
XXX..XX..
X.XXXX...
X.X....X.
.XX.XXXX.
.X..X.X..
.........
?[1;31m
Start test 72?[0m
How many mines do you want? > 36
X.X.XX...
.X.X.XXX.
XX.XXXXX.
.XXXXX.X.
X..XXXXX.
..XX..X..
......X..
..XX.XX..
.........
?[1;31m
Start test 73?[0m
How many mines do you want? > 37
..XX.X...
X.X....X.
..XX..XX.
XX..X.XX.
XXXXX..X.
..XXX.X..
.XXX.XX..
XXX.XXXX.
.........
?[1;31m
Start test 74?[0m
How many mines do you want? > 37
XXXX..XX.
XXXX.....
XXXX.....
XXXX.XX..
..XXXXX..
XX.X.X.X.
XX.X..X..
.X..X..X.
.........
?[1;31m
Start test 75?[0m
How many mines do you want? > 38
.XXXX.XX.
XX..XXX..
X..X.X.X.
..X..XX..
..XX..XX.
XXX.XXX..
X...XXXX.
XXXXX....
.........
?[1;31m
Start test 76?[0m
How many mines do you want? > 38
.XXXXXX..
.XXX..XX.
XXX....X.
XX.XXX...
.X.X..XX.
X..XXX.X.
X.XX.XX..
..XX..XX.
.........
?[1;31m
Start test 77?[0m
How many mines do you want? > 39
....XX.X.
X.X...XX.
.XXXXXX..
XX.X.X.X.
XXX.XX.X.
XX..X..X.
XXXXXXX..
XXX...X..
.........
?[1;31m
Start test 78?[0m
How many mines do you want? > 39
.XXXX.XX.
XXXXXXXX.
....X..X.
XXX.X..X.
.XXX.X...
.XXX...X.
X.XX.XXX.
..X..XXX.
.........
?[1;31m
Start test 79?[0m
How many mines do you want? > 40
.X.X..XX.
.X...XX..
.XX.XX.X.
XX.XXXXX.
.XX.XXXX.
X.X.X.XX.
..XX.XXX.
XX.XXX...
.........
?[1;31m
Start test 80?[0m
How many mines do you want? > 40
XXX...X..
..XX.XX..
X.X.X.X..
XXXXXX.X.
XXXX..XX.
XXXX.XXX.
.XXXXX.X.
...XX....
.........
?[1;31m
Start test 81?[0m
How many mines do you want? > 41
XXX.XX.X.
...X..XX.
X.X.XXXX.
XXX..XXX.
...X.XX..
XXXX.XXX.
XX..XX.X.
X.X.X.XX.
.........
?[1;31m
Start test 82?[0m
How many mines do you want? > 41
XXX..XX..
X...XX.X.
X.X..XXX.
XXX..X.X.
XX..XXXX.
XXXXX.X..
.X.X.XX..
XX.X.XXX.
.........
?[1;31m
Start test 83?[0m
How many mines do you want? > 42
XXX..XXX.
..XXX..X.
XXXXXX...
X.XXXX...
XXXXX..X.
..X.XXXX.
..XX.XX..
X.XXXXX..
.........
?[1;31m
Start test 84?[0m
How many mines do you want? > 42
..XX..XX.
.XX...XX.
XX..XXXX.
X..XXX...
X..XXX...
XXX.X.XX.
X.XXXX.X.
XXXXXXXX.
.........
?[1;31m
Start test 85?[0m
How many mines do you want? > 43
.XXXXXX..
...XXXXX.
.XXXXX.X.
XXXX.XXX.
.X.XXXX..
..XXX.XX.
X.XXX....
X.X.XXX..
.........
?[1;31m
Start test 86?[0m
How many mines do you want? > 43
.XXXXX.X.
.X.XXXXX.
.XX..XXX.
XXX..XX..
XX.X.X.X.
XXXX.X.X.
.XXXX....
XX.XX.XX.
.........
?[1;31m
Start test 87?[0m
How many mines do you want? > 44
XX.X.X.X.
.XXXXXX..
XXX.XXX..
X..XXXX..
X..XX.X..
XXXXXXXX.
XXXX..XX.
.XX...XX.
.........
?[1;31m
Start test 88?[0m
How many mines do you want? > 44
X....XX..
XXXXXX...
XX....XX.
XX.XX.XX.
XX.XXXXX.
XXXXXXXX.
XXX...XX.
.XXX..XX.
.........
?[1;31m
Start test 89?[0m
How many mines do you want? > 45
X.X..XX..
XXX.XXXX.
......XX.
XXXXXXXX.
X.XXX.XX.
XXXXXXXX.
XXX.XXXX.
....XX.X.
.........
?[1;31m
Start test 90?[0m
How many mines do you want? > 45
XX.X.XX..
XXXX..XX.
.XXXX.X..
XXX.XXXX.
.XXXXXX..
X.XXXX.X.
.XX.X.XX.
X.XXX.X..
.........
?[1;31m
Start test 91?[0m
How many mines do you want? > 46
X.XXX.XX.
XXX.XXX..
XX.XXX.X.
XXXXXX.X.
XXXX..XX.
X.XXX.XX.
XXX.XX...
XX..XX...
.........
?[1;31m
Start test 92?[0m
How many mines do you want? > 46
XXXX.XXX.
XXXX.XXX.
X.X.X..X.
XX.X.X...
.XX.XXX..
XXXXXX.X.
.X.XXXXX.
X.XXX.XX.
.........
?[1;31m
Start test 93?[0m
How many mines do you want? > 47
.X..XXXX.
XXXX.X.X.
XXXXXX...
XXXXXXXX.
.X.XXXXX.
..XXXX.X.
.X.X.XXX.
XX.XXXX..
.........
?[1;31m
Start test 94?[0m
How many mines do you want? > 47
.XX..XXX.
XXXXXXXX.
XXX..XXX.
XX..XX.X.
.XXXXXXX.
.XXXX..X.
XXXX.XXX.
XX.XX....
.........
?[1;31m
Start test 95?[0m
How many mines do you want? > 48
XXXXXXXX.
X.XXXXX..
X.XX...X.
X.XXXXXX.
.XX.XXX..
XXXX.XX..
XXX.X.XX.
.XXXXX.X.
.........
?[1;31m
Start test 96?[0m
How many mines do you want? > 48
XXXX.XXX.
XXXX.XXX.
XXXX...X.
XXXX.XXX.
XXXX...X.
X..XXXX..
XXX.XXXX.
X..XXX.X.
.........
?[1;31m
Start test 97?[0m
How many mines do you want? > 49
XXX.XXXX.
.XXXXXX..
XXX..XXX.
X..XXXX..
X.XXX.XX.
X.XXXXXX.
.X.XXXXX.
XXX.XXX..
.........
?[1;31m
Start test 98?[0m
How many mines do you want? > 49
XXXXXX.X.
X..XXX.X.
XXXXX.XX.
.XXX.X.X.
.XXX.XX..
X.XXXXXX.
.XX.XXX..
XXXXXXXX.
.........
?[1;31m
Start test 99?[0m
How many mines do you want? > 50
.XXXXXXX.
.XXXX.X..
XXXXXXXX.
XX..X.X..
X...XXX..
XXXXXXXX.
X.XXX.XX.
XXXXXXXX.
.........
?[1;31m
Start test 100?[0m
How many mines do you want? > 50
XXXXX.XX.
XX.XXXXX.
X.XXXX...
X.X.XXXX.
.XXX.XXX.
XXXXX.X..
XXXXXXXX.
..XX.XXX.
.........
]]></system-out>
  <system-err><![CDATA[]]></system-err>
</testsuite>
